<?xml version="1.0" encoding="UTF-8"?>
<!-- Generated by org.testng.reporters.JUnitReportReporter -->
<testsuite hostname="DESKTOP-DSBOJ4I" failures="0" tests="5" name="Runner.RunnerClass" time="41.064" errors="0" timestamp="2025-06-30T13:59:26 IST" skipped="0">
  <testcase classname="Runner.RunnerClass" name="runScenario" time="12.373"/>
  <system-out/>
  <testcase classname="Runner.RunnerClass" name="runScenario" time="7.620"/>
  <system-out/>
  <testcase classname="Runner.RunnerClass" name="runScenario" time="5.591"/>
  <system-out/>
  <testcase classname="Runner.RunnerClass" name="runScenario" time="7.557"/>
  <system-out/>
  <testcase classname="Runner.RunnerClass" name="runScenario" time="7.923"/>
  <system-out/>
</testsuite> <!-- Runner.RunnerClass -->
