<?xml version="1.0" encoding="UTF-8"?>
<!-- Generated by org.testng.reporters.JUnitReportReporter -->
<testsuite hostname="DESKTOP-DSBOJ4I" failures="0" tests="6" name="Runner.RunnerClass" time="45.618" errors="0" timestamp="2025-07-08T17:15:19 IST" skipped="0">
  <testcase classname="Runner.RunnerClass" name="runScenario" time="7.175"/>
  <system-out/>
  <testcase classname="Runner.RunnerClass" name="runScenario" time="5.646"/>
  <system-out/>
  <testcase classname="Runner.RunnerClass" name="runScenario" time="6.772"/>
  <system-out/>
  <testcase classname="Runner.RunnerClass" name="runScenario" time="7.021"/>
  <system-out/>
  <testcase classname="Runner.RunnerClass" name="runScenario" time="10.946"/>
  <system-out/>
  <testcase classname="Runner.RunnerClass" name="runScenario" time="8.058"/>
  <system-out/>
</testsuite> <!-- Runner.RunnerClass -->
