<?xml version="1.0" encoding="UTF-8"?>
<!-- Generated by org.testng.reporters.JUnitReportReporter -->
<testsuite hostname="DESKTOP-DSBOJ4I" failures="0" tests="5" name="Runner.RunnerClass" time="35.821" errors="0" timestamp="2025-07-03T15:53:37 IST" skipped="0">
  <testcase classname="Runner.RunnerClass" name="runScenario" time="10.071"/>
  <system-out/>
  <testcase classname="Runner.RunnerClass" name="runScenario" time="5.550"/>
  <system-out/>
  <testcase classname="Runner.RunnerClass" name="runScenario" time="6.425"/>
  <system-out/>
  <testcase classname="Runner.RunnerClass" name="runScenario" time="6.461"/>
  <system-out/>
  <testcase classname="Runner.RunnerClass" name="runScenario" time="7.314"/>
  <system-out/>
</testsuite> <!-- Runner.RunnerClass -->
