<?xml version="1.0" encoding="UTF-8"?>
<!-- Generated by org.testng.reporters.JUnitReportReporter -->
<testsuite hostname="DESKTOP-DSBOJ4I" failures="0" tests="5" name="Runner.RunnerClass" time="42.998" errors="0" timestamp="2025-06-30T14:48:43 IST" skipped="0">
  <testcase classname="Runner.RunnerClass" name="runScenario" time="8.369"/>
  <system-out/>
  <testcase classname="Runner.RunnerClass" name="runScenario" time="11.487"/>
  <system-out/>
  <testcase classname="Runner.RunnerClass" name="runScenario" time="6.020"/>
  <system-out/>
  <testcase classname="Runner.RunnerClass" name="runScenario" time="8.351"/>
  <system-out/>
  <testcase classname="Runner.RunnerClass" name="runScenario" time="8.771"/>
  <system-out/>
</testsuite> <!-- Runner.RunnerClass -->
